[INFO ] 2020-07-19 23:14:50.059 [http-nio-8080-exec-2] imarket - jwt Token passed 
[INFO ] 2020-07-19 23:14:50.475 [http-nio-8080-exec-5] imarket - jwt Token passed 
[INFO ] 2020-07-19 23:15:08.355 [http-nio-8080-exec-7] imarket - jwt Token passed 
[INFO ] 2020-07-19 23:15:09.231 [http-nio-8080-exec-9] imarket - jwt Token passed 
[INFO ] 2020-07-19 23:15:12.406 [http-nio-8080-exec-8] imarket - jwt Token passed 
[INFO ] 2020-07-19 23:15:13.555 [http-nio-8080-exec-10] imarket - jwt Token passed 
[INFO ] 2020-07-19 23:15:17.252 [http-nio-8080-exec-1] imarket - jwt Token passed 
[INFO ] 2020-07-19 23:15:19.445 [http-nio-8080-exec-3] imarket - jwt Token passed 
[INFO ] 2020-07-19 23:20:10.302 [http-nio-8080-exec-6] imarket - Find by username admin
[INFO ] 2020-07-19 23:20:10.358 [http-nio-8080-exec-6] imarket - IN loadUserByUsername - user with username: admin successfully loaded
[INFO ] 2020-07-19 23:20:10.392 [http-nio-8080-exec-6] imarket - Find by username admin
[INFO ] 2020-07-19 23:20:10.417 [http-nio-8080-exec-6] imarket - Token created for adminwith role ROLE_ADMIN
[INFO ] 2020-07-19 23:20:10.630 [http-nio-8080-exec-6] imarket - jwt Token passed 
[INFO ] 2020-07-19 23:34:43.469 [http-nio-8080-exec-10] imarket - Find by username user1
[INFO ] 2020-07-19 23:34:43.479 [http-nio-8080-exec-10] imarket - IN loadUserByUsername - user with username: user1 successfully loaded
[INFO ] 2020-07-19 23:34:43.659 [http-nio-8080-exec-10] imarket - jwt Token passed 
[INFO ] 2020-07-19 23:55:21.841 [http-nio-8080-exec-9] imarket - jwt Token passed 
[INFO ] 2020-07-19 23:55:28.996 [http-nio-8080-exec-8] imarket - Find by username user6
[INFO ] 2020-07-19 23:55:29.036 [http-nio-8080-exec-8] imarket - jwt Token passed 
[INFO ] 2020-07-19 23:56:48.320 [http-nio-8080-exec-1] imarket - jwt Token passed 
[INFO ] 2020-07-19 23:56:52.654 [http-nio-8080-exec-5] imarket - jwt Token passed 
[INFO ] 2020-07-20 00:16:36.236 [http-nio-8080-exec-1] imarket - jwt Token passed 
[INFO ] 2020-07-20 00:16:36.745 [http-nio-8080-exec-5] imarket - jwt Token passed 
[INFO ] 2020-07-20 00:34:44.083 [http-nio-8080-exec-1] imarket - jwt Token passed 
[INFO ] 2020-07-20 00:34:44.953 [http-nio-8080-exec-5] imarket - jwt Token passed 
[INFO ] 2020-07-20 00:36:15.276 [http-nio-8080-exec-2] imarket - jwt Token passed 
[INFO ] 2020-07-20 00:36:15.404 [http-nio-8080-exec-4] imarket - jwt Token passed 
[INFO ] 2020-07-20 00:36:15.558 [http-nio-8080-exec-6] imarket - jwt Token passed 
[INFO ] 2020-07-20 00:36:15.559 [http-nio-8080-exec-3] imarket - jwt Token passed 
[INFO ] 2020-07-20 00:36:15.688 [http-nio-8080-exec-8] imarket - jwt Token passed 
[INFO ] 2020-07-20 00:36:15.840 [http-nio-8080-exec-10] imarket - jwt Token passed 
[INFO ] 2020-07-20 00:36:16.396 [http-nio-8080-exec-5] imarket - jwt Token passed 
[INFO ] 2020-07-20 00:36:16.579 [http-nio-8080-exec-1] imarket - jwt Token passed 
[INFO ] 2020-07-20 00:36:16.605 [http-nio-8080-exec-7] imarket - jwt Token passed 
[INFO ] 2020-07-20 00:36:16.627 [http-nio-8080-exec-9] imarket - jwt Token passed 
[INFO ] 2020-07-20 00:36:16.710 [http-nio-8080-exec-4] imarket - jwt Token passed 
[INFO ] 2020-07-20 00:36:16.803 [http-nio-8080-exec-3] imarket - jwt Token passed 
[INFO ] 2020-07-20 00:36:16.824 [http-nio-8080-exec-6] imarket - jwt Token passed 
[INFO ] 2020-07-20 00:36:17.510 [http-nio-8080-exec-2] imarket - jwt Token passed 
[INFO ] 2020-07-20 00:36:17.988 [http-nio-8080-exec-8] imarket - jwt Token passed 
[INFO ] 2020-07-20 00:36:18.013 [http-nio-8080-exec-10] imarket - jwt Token passed 
[INFO ] 2020-07-20 00:36:18.019 [http-nio-8080-exec-8] imarket - jwt Token passed 
[INFO ] 2020-07-20 00:36:23.111 [http-nio-8080-exec-6] imarket - jwt Token passed 
[INFO ] 2020-07-20 00:36:49.087 [http-nio-8080-exec-5] imarket - jwt Token passed 
[INFO ] 2020-07-20 00:37:24.598 [http-nio-8080-exec-8] imarket - jwt Token passed 
[INFO ] 2020-07-20 00:37:34.690 [http-nio-8080-exec-7] imarket - jwt Token passed 
[INFO ] 2020-07-20 00:42:39.821 [http-nio-8080-exec-1] imarket - jwt Token passed 
[INFO ] 2020-07-20 00:43:26.841 [http-nio-8080-exec-10] imarket - jwt Token passed 
[INFO ] 2020-07-20 00:43:32.623 [http-nio-8080-exec-8] imarket - jwt Token passed 
[INFO ] 2020-07-20 00:53:21.458 [http-nio-8080-exec-7] imarket - jwt Token passed 
[INFO ] 2020-07-20 00:53:27.284 [http-nio-8080-exec-1] imarket - jwt Token passed 
[INFO ] 2020-07-20 00:53:27.389 [http-nio-8080-exec-2] imarket - jwt Token passed 
[INFO ] 2020-07-20 00:53:27.634 [http-nio-8080-exec-5] imarket - jwt Token passed 
[INFO ] 2020-07-20 00:53:27.639 [http-nio-8080-exec-4] imarket - jwt Token passed 
[INFO ] 2020-07-20 00:53:27.779 [http-nio-8080-exec-8] imarket - jwt Token passed 
[INFO ] 2020-07-20 00:53:27.885 [http-nio-8080-exec-10] imarket - jwt Token passed 
[INFO ] 2020-07-20 00:53:28.383 [http-nio-8080-exec-9] imarket - jwt Token passed 
[INFO ] 2020-07-20 00:53:28.400 [http-nio-8080-exec-7] imarket - jwt Token passed 
[INFO ] 2020-07-20 00:53:28.411 [http-nio-8080-exec-6] imarket - jwt Token passed 
[INFO ] 2020-07-20 00:53:28.536 [http-nio-8080-exec-1] imarket - jwt Token passed 
[INFO ] 2020-07-20 00:53:28.550 [http-nio-8080-exec-2] imarket - jwt Token passed 
[INFO ] 2020-07-20 00:53:28.697 [http-nio-8080-exec-3] imarket - jwt Token passed 
[INFO ] 2020-07-20 00:53:28.707 [http-nio-8080-exec-5] imarket - jwt Token passed 
[INFO ] 2020-07-20 00:53:29.066 [http-nio-8080-exec-4] imarket - jwt Token passed 
[INFO ] 2020-07-20 00:53:29.074 [http-nio-8080-exec-8] imarket - jwt Token passed 
[INFO ] 2020-07-20 00:53:29.091 [http-nio-8080-exec-4] imarket - jwt Token passed 
[INFO ] 2020-07-20 00:53:29.116 [http-nio-8080-exec-10] imarket - jwt Token passed 
[INFO ] 2020-07-20 00:58:17.490 [http-nio-8080-exec-4] imarket - jwt Token passed 
[INFO ] 2020-07-22 20:12:35.974 [http-nio-8080-exec-3] imarket - jwt Token passed 
[INFO ] 2020-07-22 20:12:44.113 [http-nio-8080-exec-8] imarket - jwt Token passed 
[INFO ] 2020-07-22 20:13:40.088 [http-nio-8080-exec-4] imarket - jwt Token passed 
[INFO ] 2020-07-22 20:13:46.770 [http-nio-8080-exec-10] imarket - jwt Token passed 
[INFO ] 2020-07-22 20:13:58.460 [http-nio-8080-exec-8] imarket - jwt Token passed 
[INFO ] 2020-07-22 20:26:56.593 [http-nio-8080-exec-14] imarket - jwt Token passed 
[INFO ] 2020-07-22 20:27:03.507 [http-nio-8080-exec-9] imarket - jwt Token passed 
[INFO ] 2020-07-22 20:27:11.189 [http-nio-8080-exec-8] imarket - jwt Token passed 
[INFO ] 2020-07-22 20:28:08.038 [http-nio-8080-exec-12] imarket - jwt Token passed 
[INFO ] 2020-07-22 20:28:08.158 [http-nio-8080-exec-14] imarket - jwt Token passed 
[INFO ] 2020-07-22 20:28:08.259 [http-nio-8080-exec-17] imarket - jwt Token passed 
[INFO ] 2020-07-22 20:28:08.268 [http-nio-8080-exec-15] imarket - jwt Token passed 
[INFO ] 2020-07-22 20:28:08.323 [http-nio-8080-exec-4] imarket - jwt Token passed 
[INFO ] 2020-07-22 20:28:08.448 [http-nio-8080-exec-16] imarket - jwt Token passed 
[INFO ] 2020-07-22 20:28:09.032 [http-nio-8080-exec-19] imarket - jwt Token passed 
[INFO ] 2020-07-22 20:28:09.075 [http-nio-8080-exec-18] imarket - jwt Token passed 
[INFO ] 2020-07-22 20:28:09.097 [http-nio-8080-exec-11] imarket - jwt Token passed 
[INFO ] 2020-07-22 20:28:09.114 [http-nio-8080-exec-13] imarket - jwt Token passed 
[INFO ] 2020-07-22 20:28:09.205 [http-nio-8080-exec-14] imarket - jwt Token passed 
[INFO ] 2020-07-22 20:28:09.268 [http-nio-8080-exec-15] imarket - jwt Token passed 
[INFO ] 2020-07-22 20:28:09.279 [http-nio-8080-exec-17] imarket - jwt Token passed 
[INFO ] 2020-07-22 20:28:09.670 [http-nio-8080-exec-12] imarket - jwt Token passed 
[INFO ] 2020-07-22 20:28:10.233 [http-nio-8080-exec-20] imarket - jwt Token passed 
[INFO ] 2020-07-22 20:28:10.243 [http-nio-8080-exec-16] imarket - jwt Token passed 
[INFO ] 2020-07-22 20:28:10.264 [http-nio-8080-exec-19] imarket - jwt Token passed 
[INFO ] 2020-07-22 20:28:21.405 [http-nio-8080-exec-17] imarket - jwt Token passed 
[INFO ] 2020-07-22 20:28:29.495 [http-nio-8080-exec-20] imarket - jwt Token passed 
[INFO ] 2020-07-22 20:30:15.491 [http-nio-8080-exec-19] imarket - jwt Token passed 
[INFO ] 2020-07-22 21:33:46.918 [http-nio-8080-exec-1] imarket - jwt Token passed 
[INFO ] 2020-07-22 21:33:47.408 [http-nio-8080-exec-4] imarket - jwt Token passed 
[INFO ] 2020-07-22 21:33:56.938 [http-nio-8080-exec-6] imarket - jwt Token passed 
[INFO ] 2020-07-22 23:29:23.119 [http-nio-8080-exec-2] imarket - jwt Token passed 
[INFO ] 2020-07-22 23:29:23.598 [http-nio-8080-exec-1] imarket - jwt Token passed 
[INFO ] 2020-07-23 00:46:48.250 [http-nio-8080-exec-1] imarket - jwt Token passed 
[INFO ] 2020-07-23 00:46:48.642 [http-nio-8080-exec-4] imarket - jwt Token passed 
[INFO ] 2020-07-23 00:55:11.361 [http-nio-8080-exec-8] imarket - jwt Token passed 
[INFO ] 2020-07-23 00:56:01.808 [http-nio-8080-exec-1] imarket - jwt Token passed 
[INFO ] 2020-07-23 00:58:37.541 [http-nio-8080-exec-1] imarket - jwt Token passed 
[INFO ] 2020-07-23 00:58:38.189 [http-nio-8080-exec-5] imarket - jwt Token passed 
[INFO ] 2020-07-23 00:58:47.376 [http-nio-8080-exec-7] imarket - jwt Token passed 
[INFO ] 2020-07-23 00:59:11.007 [http-nio-8080-exec-2] imarket - jwt Token passed 
[INFO ] 2020-07-23 00:59:25.108 [http-nio-8080-exec-6] imarket - jwt Token passed 
[INFO ] 2020-07-23 01:01:45.102 [http-nio-8080-exec-1] imarket - jwt Token passed 
[INFO ] 2020-07-23 01:01:51.256 [http-nio-8080-exec-5] imarket - jwt Token passed 
[INFO ] 2020-07-23 01:02:25.487 [http-nio-8080-exec-9] imarket - jwt Token passed 
[INFO ] 2020-07-23 01:03:06.112 [http-nio-8080-exec-4] imarket - IN loadUserByUsername - user with username: user6 successfully loaded
[INFO ] 2020-07-23 01:03:06.341 [http-nio-8080-exec-4] imarket - Token created for user6with role ROLE_USER
[INFO ] 2020-07-23 01:03:06.508 [http-nio-8080-exec-4] imarket - jwt Token passed 
[INFO ] 2020-07-23 01:03:47.860 [http-nio-8080-exec-8] imarket - IN loadUserByUsername - user with username: user6 successfully loaded
[INFO ] 2020-07-23 01:07:04.796 [http-nio-8080-exec-8] imarket - jwt Token passed 
[INFO ] 2020-07-23 01:07:05.052 [http-nio-8080-exec-8] imarket - jwt Token passed 
[INFO ] 2020-07-23 01:08:13.674 [http-nio-8080-exec-2] imarket - jwt Token passed 
[INFO ] 2020-07-23 01:09:55.953 [http-nio-8080-exec-2] imarket - jwt Token passed 
[INFO ] 2020-07-23 01:09:56.655 [http-nio-8080-exec-1] imarket - jwt Token passed 
[INFO ] 2020-07-23 01:10:04.224 [http-nio-8080-exec-3] imarket - jwt Token passed 
[INFO ] 2020-07-23 01:10:25.251 [http-nio-8080-exec-9] imarket - jwt Token passed 
[INFO ] 2020-07-23 01:10:31.510 [http-nio-8080-exec-8] imarket - jwt Token passed 
[INFO ] 2020-07-23 01:10:47.803 [http-nio-8080-exec-4] imarket - IN loadUserByUsername - user with username: user6 successfully loaded
[INFO ] 2020-07-23 01:16:41.033 [http-nio-8080-exec-4] imarket - jwt Token passed 
[INFO ] 2020-07-23 01:16:53.189 [http-nio-8080-exec-1] imarket - IN loadUserByUsername - user with username: user6 successfully loaded
[INFO ] 2020-07-23 01:21:36.572 [http-nio-8080-exec-1] imarket - jwt Token passed 
[INFO ] 2020-07-23 01:22:36.442 [http-nio-8080-exec-1] imarket - jwt Token passed 
[INFO ] 2020-07-23 01:22:36.896 [http-nio-8080-exec-7] imarket - jwt Token passed 
[INFO ] 2020-07-23 01:24:47.588 [http-nio-8080-exec-6] imarket - IN loadUserByUsername - user with username: user6 successfully loaded
[INFO ] 2020-07-23 01:25:15.207 [http-nio-8080-exec-6] imarket - jwt Token passed 
[INFO ] 2020-07-23 01:31:34.480 [http-nio-8080-exec-1] imarket - IN loadUserByUsername - user with username: user2 successfully loaded
[INFO ] 2020-07-23 01:31:34.548 [http-nio-8080-exec-1] imarket - Token created for user2with role ROLE_USER
[INFO ] 2020-07-23 01:31:34.682 [http-nio-8080-exec-1] imarket - jwt Token passed 
[INFO ] 2020-07-23 01:32:37.598 [http-nio-8080-exec-9] imarket - IN loadUserByUsername - user with username: user2 successfully loaded
[INFO ] 2020-07-23 01:32:45.926 [http-nio-8080-exec-9] imarket - jwt Token passed 
[INFO ] 2020-07-23 01:34:11.609 [http-nio-8080-exec-4] imarket - jwt Token passed 
[INFO ] 2020-07-23 01:41:23.668 [http-nio-8080-exec-1] imarket - jwt Token passed 
[INFO ] 2020-07-23 01:41:24.077 [http-nio-8080-exec-4] imarket - jwt Token passed 
[INFO ] 2020-07-23 01:42:12.494 [http-nio-8080-exec-7] imarket - jwt Token passed 
[INFO ] 2020-07-23 01:43:18.517 [http-nio-8080-exec-10] imarket - IN loadUserByUsername - user with username: user2 successfully loaded
[INFO ] 2020-07-23 01:43:18.523 [http-nio-8080-exec-10] imarket - jwt Token passed 
[INFO ] 2020-07-23 01:43:57.337 [http-nio-8080-exec-4] imarket - jwt Token passed 
[INFO ] 2020-07-23 01:44:57.407 [http-nio-8080-exec-6] imarket - jwt Token passed 
[INFO ] 2020-07-23 01:45:08.669 [http-nio-8080-exec-7] imarket - IN loadUserByUsername - user with username: user2 successfully loaded
[INFO ] 2020-07-23 01:45:08.680 [http-nio-8080-exec-7] imarket - jwt Token passed 
[INFO ] 2020-07-23 01:46:33.673 [http-nio-8080-exec-2] imarket - jwt Token passed 
[INFO ] 2020-07-23 01:46:34.110 [http-nio-8080-exec-3] imarket - jwt Token passed 
[INFO ] 2020-07-23 01:48:21.413 [http-nio-8080-exec-2] imarket - jwt Token passed 
[INFO ] 2020-07-23 01:48:21.948 [http-nio-8080-exec-8] imarket - jwt Token passed 
[INFO ] 2020-07-23 01:48:34.926 [http-nio-8080-exec-5] imarket - jwt Token passed 
[INFO ] 2020-07-23 02:00:49.943 [http-nio-8080-exec-2] imarket - jwt Token passed 
[INFO ] 2020-07-23 02:00:50.808 [http-nio-8080-exec-6] imarket - jwt Token passed 
[INFO ] 2020-07-23 02:01:03.136 [http-nio-8080-exec-1] imarket - jwt Token passed 
[INFO ] 2020-07-23 02:01:17.996 [http-nio-8080-exec-7] imarket - jwt Token passed 
[INFO ] 2020-07-23 02:02:59.175 [http-nio-8080-exec-2] imarket - IN loadUserByUsername - user with username: user2 successfully loaded
[INFO ] 2020-07-23 02:02:59.285 [http-nio-8080-exec-2] imarket - jwt Token passed 
[INFO ] 2020-07-23 09:47:30.928 [http-nio-8080-exec-2] imarket - jwt Token passed 
[INFO ] 2020-07-23 09:47:32.342 [http-nio-8080-exec-3] imarket - jwt Token passed 
[INFO ] 2020-07-23 09:47:47.681 [http-nio-8080-exec-6] imarket - jwt Token passed 
[INFO ] 2020-07-23 09:47:59.217 [http-nio-8080-exec-9] imarket - jwt Token passed 
[INFO ] 2020-07-23 09:48:28.805 [http-nio-8080-exec-2] imarket - jwt Token passed 
[INFO ] 2020-07-23 09:48:37.708 [http-nio-8080-exec-1] imarket - jwt Token passed 
[INFO ] 2020-07-23 09:48:59.837 [http-nio-8080-exec-7] imarket - jwt Token passed 
[INFO ] 2020-07-23 09:55:30.825 [http-nio-8080-exec-8] imarket - jwt Token passed 
[INFO ] 2020-07-23 09:55:33.618 [http-nio-8080-exec-9] imarket - jwt Token passed 
